\BOOKMARK [0][-]{chapter.1}{\376\377\000T\036\325\000n\000g\000\040\000q\000u\000a\000n\000\040\000v\036\301\000\040\001\021\036\301\000\040\000t\000\340\000i}{}% 1
\BOOKMARK [1][-]{section.1.1}{\376\377\000M\000\364\000\040\000t\036\243\000\040\000b\000\340\000i\000\040\000t\000o\000\341\000n}{chapter.1}% 2
\BOOKMARK [1][-]{section.1.2}{\376\377\000M\036\345\000c\000\040\000t\000i\000\352\000u\000\040\000h\036\307\000\040\000t\000h\036\321\000n\000g}{chapter.1}% 3
\BOOKMARK [1][-]{section.1.3}{\376\377\000P\000h\036\241\000m\000\040\000v\000i\000\040\000h\036\307\000\040\000t\000h\036\321\000n\000g}{chapter.1}% 4
\BOOKMARK [0][-]{chapter.2}{\376\377\000P\000h\000\342\000n\000\040\000t\000\355\000c\000h\000\040\000y\000\352\000u\000\040\000c\036\247\000u}{}% 5
\BOOKMARK [1][-]{section.2.1}{\376\377\000C\000\341\000c\000\040\001\021\036\321\000i\000\040\000t\001\260\036\343\000n\000g\000\040\000s\036\355\000\040\000d\036\345\000n\000g}{chapter.2}% 6
\BOOKMARK [1][-]{section.2.2}{\376\377\000Y\000\352\000u\000\040\000c\036\247\000u\000\040\000c\000h\036\351\000c\000\040\000n\001\003\000n\000g}{chapter.2}% 7
\BOOKMARK [1][-]{section.2.3}{\376\377\000Y\000\352\000u\000\040\000c\036\247\000u\000\040\000p\000h\000i\000\040\000c\000h\036\351\000c\000\040\000n\001\003\000n\000g}{chapter.2}% 8
\BOOKMARK [2][-]{subsection.2.3.1}{\376\377\000H\000i\036\307\000u\000\040\000n\001\003\000n\000g}{section.2.3}% 9
\BOOKMARK [2][-]{subsection.2.3.2}{\376\377\000B\036\243\000o\000\040\000m\036\255\000t}{section.2.3}% 10
\BOOKMARK [2][-]{subsection.2.3.3}{\376\377\000T\000\355\000n\000h\000\040\000k\000h\036\243\000\040\000d\036\345\000n\000g}{section.2.3}% 11
\BOOKMARK [2][-]{subsection.2.3.4}{\376\377\001\020\036\331\000\040\000t\000i\000n\000\040\000c\036\255\000y}{section.2.3}% 12
\BOOKMARK [2][-]{subsection.2.3.5}{\376\377\000K\000h\036\243\000\040\000n\001\003\000n\000g\000\040\000m\036\337\000\040\000r\036\331\000n\000g}{section.2.3}% 13
\BOOKMARK [1][-]{section.2.4}{\376\377\000S\001\241\000\040\001\021\036\323\000\040\000u\000s\000e\000\040\000c\000a\000s\000e}{chapter.2}% 14
\BOOKMARK [1][-]{section.2.5}{\376\377\000S\001\241\000\040\001\021\036\323\000\040\000n\000g\036\357\000\040\000c\036\243\000n\000h}{chapter.2}% 15
\BOOKMARK [1][-]{section.2.6}{\376\377\000P\000h\000\341\000c\000\040\000t\000h\036\243\000o\000\040\000g\000i\000a\000o\000\040\000d\000i\036\307\000n}{chapter.2}% 16
\BOOKMARK [2][-]{subsection.2.6.1}{\376\377\000G\000i\000a\000o\000\040\000d\000i\036\307\000n\000\040\000C\000h\000i\000\040\000t\000i\036\277\000t\000\040\000C\000u\036\331\000c\000\040\000t\000h\000i\000\040\000H\000a\000c\000k\000a\000t\000h\000o\000n}{section.2.6}% 17
\BOOKMARK [2][-]{subsection.2.6.2}{\376\377\000G\000i\000a\000o\000\040\000d\000i\036\307\000n\000\040\000Q\000u\036\243\000n\000\040\000l\000\375\000\040\001\020\036\331\000i\000\040\000n\000h\000\363\000m\000\040\000\050\000T\000e\000a\000m\000\040\000M\000a\000n\000a\000g\000e\000m\000e\000n\000t\000\051}{section.2.6}% 18
\BOOKMARK [2][-]{subsection.2.6.3}{\376\377\000G\000i\000a\000o\000\040\000d\000i\036\307\000n\000\040\000D\000a\000s\000h\000b\000o\000a\000r\000d\000\040\000v\000\340\000\040\000N\036\331\000p\000\040\000b\000\340\000i\000\040\000\050\000D\000a\000s\000h\000b\000o\000a\000r\000d\000\040\000\046\000\040\000S\000u\000b\000m\000i\000s\000s\000i\000o\000n\000\051}{section.2.6}% 19
\BOOKMARK [0][-]{chapter.3}{\376\377\000P\000R\000O\000J\000E\000C\000T\000\040\000M\000A\000N\000A\000G\000E\000M\000E\000N\000T\000\040\000P\000L\000A\000N}{}% 20
\BOOKMARK [1][-]{section.3.1}{\376\377\000G\000i\036\333\000i\000\040\000t\000h\000i\036\307\000u\000\040\000c\000h\001\260\001\241\000n\000g}{chapter.3}% 21
\BOOKMARK [1][-]{section.3.2}{\376\377\000T\036\325\000n\000g\000\040\000q\000u\000a\000n\000\040\000k\036\277\000\040\000h\000o\036\241\000c\000h\000\040\000q\000u\036\243\000n\000\040\000l\000\375\000\040\000d\036\361\000\040\000\341\000n}{chapter.3}% 22
\BOOKMARK [2][-]{subsection.3.2.1}{\376\377\000P\000h\036\241\000m\000\040\000v\000i\000\040\000v\000\340\000\040\001\260\036\333\000c\000\040\000l\001\260\036\343\000n\000g}{section.3.2}% 23
\BOOKMARK [2][-]{subsection.3.2.2}{\376\377\000M\036\345\000c\000\040\000t\000i\000\352\000u\000\040\000d\036\361\000\040\000\341\000n}{section.3.2}% 24
\BOOKMARK [2][-]{subsection.3.2.3}{\376\377\000R\036\347\000i\000\040\000r\000o\000\040\000d\036\361\000\040\000\341\000n}{section.3.2}% 25
\BOOKMARK [1][-]{section.3.3}{\376\377\000P\000h\001\260\001\241\000n\000g\000\040\000p\000h\000\341\000p\000\040\000q\000u\036\243\000n\000\040\000l\000\375}{chapter.3}% 26
\BOOKMARK [2][-]{subsection.3.3.1}{\376\377\000Q\000u\000y\000\040\000t\000r\000\354\000n\000h\000\040\000d\036\361\000\040\000\341\000n}{section.3.3}% 27
\BOOKMARK [2][-]{subsection.3.3.2}{\376\377\000Q\000u\036\243\000n\000\040\000l\000\375\000\040\000c\000h\036\245\000t\000\040\000l\001\260\036\343\000n\000g}{section.3.3}% 28
\BOOKMARK [2][-]{subsection.3.3.3}{\376\377\000K\036\277\000\040\000h\000o\036\241\000c\000h\000\040\001\021\000\340\000o\000\040\000t\036\241\000o\000\040\000v\000\340\000\040\000c\000h\000i\000a\000\040\000s\036\273\000\040\000k\000i\036\277\000n\000\040\000t\000h\036\351\000c}{section.3.3}% 29
\BOOKMARK [1][-]{section.3.4}{\376\377\000S\036\243\000n\000\040\000p\000h\036\251\000m\000\040\000b\000\340\000n\000\040\000g\000i\000a\000o}{chapter.3}% 30
\BOOKMARK [1][-]{section.3.5}{\376\377\000P\000h\000\342\000n\000\040\000c\000\364\000n\000g\000\040\000t\000r\000\341\000c\000h\000\040\000n\000h\000i\036\307\000m}{chapter.3}% 31
\BOOKMARK [2][-]{subsection.3.5.1}{\376\377\000T\000h\000\340\000n\000h\000\040\000v\000i\000\352\000n\000\040\000v\000\340\000\040\000v\000a\000i\000\040\000t\000r\000\362\000\040\000c\000h\000\355\000n\000h}{section.3.5}% 32
\BOOKMARK [2][-]{subsection.3.5.2}{\376\377\000M\000a\000\040\000t\000r\036\255\000n\000\040\000t\000r\000\341\000c\000h\000\040\000n\000h\000i\036\307\000m\000\040\000R\000A\000C\000I}{section.3.5}% 33
\BOOKMARK [1][-]{section.3.6}{\376\377\000K\036\277\000\040\000h\000o\036\241\000c\000h\000\040\000t\000r\000u\000y\036\301\000n\000\040\000t\000h\000\364\000n\000g}{chapter.3}% 34
\BOOKMARK [1][-]{section.3.7}{\376\377\000Q\000u\036\243\000n\000\040\000l\000\375\000\040\000c\036\245\000u\000\040\000h\000\354\000n\000h}{chapter.3}% 35
\BOOKMARK [2][-]{subsection.3.7.1}{\376\377\000Q\000u\036\243\000n\000\040\000l\000\375\000\040\000t\000\340\000i\000\040\000l\000i\036\307\000u}{section.3.7}% 36
\BOOKMARK [2][-]{subsection.3.7.2}{\376\377\000Q\000u\036\243\000n\000\040\000l\000\375\000\040\000m\000\343\000\040\000n\000g\000u\036\323\000n}{section.3.7}% 37
\BOOKMARK [2][-]{subsection.3.7.3}{\376\377\000C\000\364\000n\000g\000\040\000c\036\345\000\040\000v\000\340\000\040\000h\036\241\000\040\000t\036\247\000n\000g}{section.3.7}% 38
\BOOKMARK [1][-]{section.3.8}{\376\377\000K\036\277\000t\000\040\000l\000u\036\255\000n\000\040\000c\000h\001\260\001\241\000n\000g}{chapter.3}% 39
\BOOKMARK [1][-]{section.3.9}{\376\377\000T\000h\000i\036\277\000t\000\040\000k\036\277\000\040\000A\000P\000I}{chapter.3}% 40
\BOOKMARK [2][-]{subsection.3.9.1}{\376\377\000A\000P\000I\000\040\001\020\001\003\000n\000g\000\040\000k\000\375\000\040\000v\000\340\000\040\001\020\001\003\000n\000g\000\040\000n\000h\036\255\000p}{section.3.9}% 41
\BOOKMARK [2][-]{subsection.3.9.2}{\376\377\000A\000P\000I\000\040\000Q\000u\036\243\000n\000\040\000l\000\375\000\040\000T\000e\000a\000m}{section.3.9}% 42
\BOOKMARK [1][-]{section.3.10}{\376\377\000S\000e\000q\000u\000e\000n\000c\000e\000\040\000D\000i\000a\000g\000r\000a\000m}{chapter.3}% 43
\BOOKMARK [2][-]{subsection.3.10.1}{\376\377\000S\000e\000q\000u\000e\000n\000c\000e\000\040\000D\000i\000a\000g\000r\000a\000m\000\040\001\020\001\003\000n\000g\000\040\000n\000h\036\255\000p}{section.3.10}% 44
\BOOKMARK [2][-]{subsection.3.10.2}{\376\377\000S\000e\000q\000u\000e\000n\000c\000e\000\040\000D\000i\000a\000g\000r\000a\000m\000\040\000N\036\331\000p\000\040\000b\000\340\000i}{section.3.10}% 45
\BOOKMARK [2][-]{subsection.3.10.3}{\376\377\000S\000e\000q\000u\000e\000n\000c\000e\000\040\000D\000i\000a\000g\000r\000a\000m\000\040\000C\000h\036\245\000m\000\040\001\021\000i\036\303\000m}{section.3.10}% 46
\BOOKMARK [1][-]{section.3.11}{\376\377\000T\000h\000i\036\277\000t\000\040\000k\036\277\000\040\000A\000P\000I\000\040\000\050\000A\000P\000I\000\040\000D\000e\000s\000i\000g\000n\000\051}{chapter.3}% 47
\BOOKMARK [2][-]{subsection.3.11.1}{\376\377\000A\000u\000t\000h\000e\000n\000t\000i\000c\000a\000t\000i\000o\000n\000\040\000\046\000\040\000U\000s\000e\000r\000\040\000M\000o\000d\000u\000l\000e}{section.3.11}% 48
\BOOKMARK [2][-]{subsection.3.11.2}{\376\377\000S\000u\000b\000m\000i\000s\000s\000i\000o\000n\000\040\000M\000o\000d\000u\000l\000e\000\040\000\050\000D\000\340\000n\000h\000\040\000c\000h\000o\000\040\001\020\036\331\000i\000\040\000t\000h\000i\000\051}{section.3.11}% 49
\BOOKMARK [2][-]{subsection.3.11.3}{\376\377\000S\000c\000o\000r\000i\000n\000g\000\040\000M\000o\000d\000u\000l\000e\000\040\000\050\000D\000\340\000n\000h\000\040\000c\000h\000o\000\040\000G\000i\000\341\000m\000\040\000k\000h\036\243\000o\000\051}{section.3.11}% 50
\BOOKMARK [1][-]{section.3.12}{\376\377\000B\000i\036\303\000u\000\040\001\021\036\323\000\040\000t\000u\036\247\000n\000\040\000t\036\361\000\040\000\050\000S\000e\000q\000u\000e\000n\000c\000e\000\040\000D\000i\000a\000g\000r\000a\000m\000\051}{chapter.3}% 51
\BOOKMARK [1][-]{section.3.13}{\376\377\000T\036\353\000\040\001\021\000i\036\303\000n\000\040\000d\036\357\000\040\000l\000i\036\307\000u\000\040\000\050\000D\000a\000t\000a\000\040\000D\000i\000c\000t\000i\000o\000n\000a\000r\000y\000\051}{chapter.3}% 52
\BOOKMARK [2][-]{subsection.3.13.1}{\376\377\000B\036\243\000n\000g\000\040\0001\000:\000\040\000U\000s\000e\000r\000\040\000\050\000L\001\260\000u\000\040\000t\000h\000\364\000n\000g\000\040\000t\000i\000n\000\040\000t\000\340\000i\000\040\000k\000h\000o\036\243\000n\000\051}{section.3.13}% 53
\BOOKMARK [2][-]{subsection.3.13.2}{\376\377\000B\036\243\000n\000g\000\040\0002\000:\000\040\000S\000u\000b\000m\000i\000s\000s\000i\000o\000n\000\040\000\050\000B\000\340\000i\000\040\000n\036\331\000p\000\040\000c\036\347\000a\000\040\001\021\036\331\000i\000\040\000t\000h\000i\000\051}{section.3.13}% 54
\BOOKMARK [2][-]{subsection.3.13.3}{\376\377\000B\036\243\000n\000g\000\040\0003\000:\000\040\000S\000c\000o\000r\000e\000\040\000\050\000B\036\243\000n\000g\000\040\000c\000h\036\245\000m\000\040\001\021\000i\036\303\000m\000\040\000c\000h\000i\000\040\000t\000i\036\277\000t\000\051}{section.3.13}% 55
\BOOKMARK [2][-]{subsection.3.13.4}{\376\377\000B\036\243\000n\000g\000\040\0004\000:\000\040\000A\000u\000d\000i\000t\000L\000o\000g\000\040\000\050\000N\000h\036\255\000t\000\040\000k\000\375\000\040\000g\000i\000\341\000m\000\040\000s\000\341\000t\000\051}{section.3.13}% 56
\BOOKMARK [0][-]{chapter.4}{\376\377\000S\000O\000F\000T\000W\000A\000R\000E\000\040\000T\000E\000S\000T\000I\000N\000G}{}% 57
\BOOKMARK [1][-]{section.4.1}{\376\377\000G\000i\036\333\000i\000\040\000t\000h\000i\036\307\000u\000\040\000c\000h\001\260\001\241\000n\000g}{chapter.4}% 58
\BOOKMARK [1][-]{section.4.2}{\376\377\000M\036\345\000c\000\040\000t\000i\000\352\000u\000\040\000k\000i\036\303\000m\000\040\000t\000h\036\355}{chapter.4}% 59
\BOOKMARK [2][-]{subsection.4.2.1}{\376\377\000M\036\345\000c\000\040\000t\000i\000\352\000u\000\040\000t\036\325\000n\000g\000\040\000q\000u\000\341\000t}{section.4.2}% 60
\BOOKMARK [2][-]{subsection.4.2.2}{\376\377\000M\036\345\000c\000\040\000t\000i\000\352\000u\000\040\000c\036\345\000\040\000t\000h\036\303}{section.4.2}% 61
\BOOKMARK [1][-]{section.4.3}{\376\377\000P\000h\036\241\000m\000\040\000v\000i\000\040\000k\000i\036\303\000m\000\040\000t\000h\036\355}{chapter.4}% 62
\BOOKMARK [2][-]{subsection.4.3.1}{\376\377\000P\000h\036\241\000m\000\040\000v\000i\000\040\000k\000i\036\303\000m\000\040\000t\000h\036\355}{section.4.3}% 63
\BOOKMARK [2][-]{subsection.4.3.2}{\376\377\000P\000h\036\241\000m\000\040\000v\000i\000\040\000k\000h\000\364\000n\000g\000\040\000k\000i\036\303\000m\000\040\000t\000h\036\355}{section.4.3}% 64
\BOOKMARK [1][-]{section.4.4}{\376\377\000M\000\364\000i\000\040\000t\000r\001\260\036\335\000n\000g\000\040\000k\000i\036\303\000m\000\040\000t\000h\036\355}{chapter.4}% 65
\BOOKMARK [2][-]{subsection.4.4.1}{\376\377\000M\000\364\000i\000\040\000t\000r\001\260\036\335\000n\000g\000\040\000p\000h\036\247\000n\000\040\000c\036\351\000n\000g}{section.4.4}% 66
\BOOKMARK [2][-]{subsection.4.4.2}{\376\377\000M\000\364\000i\000\040\000t\000r\001\260\036\335\000n\000g\000\040\000p\000h\036\247\000n\000\040\000m\036\301\000m}{section.4.4}% 67
\BOOKMARK [2][-]{subsection.4.4.3}{\376\377\000C\000\364\000n\000g\000\040\000c\036\345\000\040\000k\000i\036\303\000m\000\040\000t\000h\036\355}{section.4.4}% 68
\BOOKMARK [1][-]{section.4.5}{\376\377\000P\000h\001\260\001\241\000n\000g\000\040\000p\000h\000\341\000p\000\040\000k\000i\036\303\000m\000\040\000t\000h\036\355}{chapter.4}% 69
\BOOKMARK [2][-]{subsection.4.5.1}{\376\377\000K\000i\036\303\000m\000\040\000t\000h\036\355\000\040\000c\000h\036\351\000c\000\040\000n\001\003\000n\000g\000\040\000\050\000F\000u\000n\000c\000t\000i\000o\000n\000a\000l\000\040\000T\000e\000s\000t\000i\000n\000g\000\051}{section.4.5}% 70
\BOOKMARK [2][-]{subsection.4.5.2}{\376\377\000K\000i\036\303\000m\000\040\000t\000h\036\355\000\040\000h\036\331\000p\000\040\001\021\000e\000n\000\040\000\050\000B\000l\000a\000c\000k\000-\000b\000o\000x\000\040\000T\000e\000s\000t\000i\000n\000g\000\051}{section.4.5}% 71
\BOOKMARK [2][-]{subsection.4.5.3}{\376\377\000K\000i\036\303\000m\000\040\000t\000h\036\355\000\040\000A\000P\000I}{section.4.5}% 72
\BOOKMARK [2][-]{subsection.4.5.4}{\376\377\000K\000i\036\303\000m\000\040\000t\000h\036\355\000\040\000g\000i\000a\000o\000\040\000d\000i\036\307\000n\000\040\000n\000g\001\260\036\335\000i\000\040\000d\000\371\000n\000g}{section.4.5}% 73
\BOOKMARK [2][-]{subsection.4.5.5}{\376\377\000K\000i\036\303\000m\000\040\000t\000h\036\355\000\040\000t\000\355\000c\000h\000\040\000h\036\343\000p\000\040\000\050\000I\000n\000t\000e\000g\000r\000a\000t\000i\000o\000n\000\040\000T\000e\000s\000t\000i\000n\000g\000\051}{section.4.5}% 74
\BOOKMARK [1][-]{section.4.6}{\376\377\000T\000h\000i\036\277\000t\000\040\000k\036\277\000\040\000T\000e\000s\000t\000\040\000C\000a\000s\000e}{chapter.4}% 75
\BOOKMARK [2][-]{subsection.4.6.1}{\376\377\000Q\000u\000y\000\040\000t\000r\000\354\000n\000h\000\040\000x\000\342\000y\000\040\000d\036\361\000n\000g\000\040\000T\000e\000s\000t\000\040\000C\000a\000s\000e}{section.4.6}% 76
\BOOKMARK [2][-]{subsection.4.6.2}{\376\377\000C\036\245\000u\000\040\000t\000r\000\372\000c\000\040\000c\036\347\000a\000\040\000T\000e\000s\000t\000\040\000C\000a\000s\000e}{section.4.6}% 77
\BOOKMARK [2][-]{subsection.4.6.3}{\376\377\000D\000a\000n\000h\000\040\000s\000\341\000c\000h\000\040\000c\000\341\000c\000\040\000c\000h\036\351\000c\000\040\000n\001\003\000n\000g\000\040\001\021\001\260\036\343\000c\000\040\000k\000i\036\303\000m\000\040\000t\000h\036\355}{section.4.6}% 78
\BOOKMARK [2][-]{subsection.4.6.4}{\376\377\000Q\000u\000y\000\040\001\260\036\333\000c\000\040\001\021\000\341\000n\000h\000\040\000g\000i\000\341\000\040\000k\036\277\000t\000\040\000q\000u\036\243}{section.4.6}% 79
\BOOKMARK [1][-]{section.4.7}{\376\377\000K\000i\036\303\000m\000\040\000t\000h\036\355\000\040\000c\000h\036\351\000c\000\040\000n\001\003\000n\000g\000\040\001\021\001\003\000n\000g\000\040\000k\000\375\000\040\000t\000\340\000i\000\040\000k\000h\000o\036\243\000n}{chapter.4}% 80
\BOOKMARK [2][-]{subsection.4.7.1}{\376\377\000T\000C\000-\000R\000E\000G\000-\0000\0001\000:\000\040\001\020\001\003\000n\000g\000\040\000k\000\375\000\040\000t\000\340\000i\000\040\000k\000h\000o\036\243\000n\000\040\000t\000h\000\340\000n\000h\000\040\000c\000\364\000n\000g}{section.4.7}% 81
\BOOKMARK [2][-]{subsection.4.7.2}{\376\377\000T\000C\000-\000R\000E\000G\000-\0000\0002\000:\000\040\001\020\001\003\000n\000g\000\040\000k\000\375\000\040\000v\036\333\000i\000\040\000U\000s\000e\000r\000n\000a\000m\000e\000\040\001\021\000\343\000\040\000t\036\323\000n\000\040\000t\036\241\000i}{section.4.7}% 82
\BOOKMARK [2][-]{subsection.4.7.3}{\376\377\000T\000C\000-\000R\000E\000G\000-\0000\0003\000:\000\040\001\020\001\003\000n\000g\000\040\000k\000\375\000\040\000v\036\333\000i\000\040\000E\000m\000a\000i\000l\000\040\001\021\000\343\000\040\000t\036\323\000n\000\040\000t\036\241\000i}{section.4.7}% 83
\BOOKMARK [1][-]{section.4.8}{\376\377\000K\000i\036\303\000m\000\040\000t\000h\036\355\000\040\000c\000h\036\351\000c\000\040\000n\001\003\000n\000g\000\040\001\021\001\003\000n\000g\000\040\000n\000h\036\255\000p}{chapter.4}% 84
\BOOKMARK [2][-]{subsection.4.8.1}{\376\377\000T\000C\000-\000L\000O\000G\000I\000N\000-\0000\0001\000:\000\040\001\020\001\003\000n\000g\000\040\000n\000h\036\255\000p\000\040\000t\000h\000\340\000n\000h\000\040\000c\000\364\000n\000g}{section.4.8}% 85
\BOOKMARK [2][-]{subsection.4.8.2}{\376\377\000T\000C\000-\000L\000O\000G\000I\000N\000-\0000\0002\000:\000\040\001\020\001\003\000n\000g\000\040\000n\000h\036\255\000p\000\040\000v\036\333\000i\000\040\000m\036\255\000t\000\040\000k\000h\036\251\000u\000\040\000k\000h\000\364\000n\000g\000\040\000c\000h\000\355\000n\000h\000\040\000x\000\341\000c}{section.4.8}% 86
\BOOKMARK [1][-]{section.4.9}{\376\377\000K\000i\036\303\000m\000\040\000t\000h\036\355\000\040\000c\000h\036\351\000c\000\040\000n\001\003\000n\000g\000\040\000q\000u\036\243\000n\000\040\000l\000\375\000\040\001\021\036\331\000i\000\040\000n\000h\000\363\000m}{chapter.4}% 87
\BOOKMARK [2][-]{subsection.4.9.1}{\376\377\000T\000C\000-\000T\000E\000A\000M\000-\0000\0001\000:\000\040\000H\000i\036\303\000n\000\040\000t\000h\036\313\000\040\000D\000a\000s\000h\000b\000o\000a\000r\000d\000\040\000k\000h\000i\000\040\000c\000h\001\260\000a\000\040\000c\000\363\000\040\001\021\036\331\000i}{section.4.9}% 88
\BOOKMARK [2][-]{subsection.4.9.2}{\376\377\000T\000C\000-\000T\000E\000A\000M\000-\0000\0002\000:\000\040\000T\036\241\000o\000\040\001\021\036\331\000i\000\040\000t\000h\000\340\000n\000h\000\040\000c\000\364\000n\000g}{section.4.9}% 89
\BOOKMARK [2][-]{subsection.4.9.3}{\376\377\000T\000C\000-\000T\000E\000A\000M\000-\0000\0003\000:\000\040\000H\000i\036\303\000n\000\040\000t\000h\036\313\000\040\000t\000h\000\364\000n\000g\000\040\000t\000i\000n\000\040\001\021\036\331\000i\000\040\000s\000a\000u\000\040\000k\000h\000i\000\040\000t\036\241\000o}{section.4.9}% 90
\BOOKMARK [1][-]{section.4.10}{\376\377\000K\000i\036\303\000m\000\040\000t\000h\036\355\000\040\000c\000h\036\351\000c\000\040\000n\001\003\000n\000g\000\040\000q\000u\036\243\000n\000\040\000l\000\375\000\040\000t\000h\000\340\000n\000h\000\040\000v\000i\000\352\000n}{chapter.4}% 91
\BOOKMARK [2][-]{subsection.4.10.1}{\376\377\000T\000C\000-\000M\000E\000M\000B\000E\000R\000-\0000\0001\000:\000\040\000T\000h\000a\000m\000\040\000g\000i\000a\000\040\001\021\036\331\000i\000\040\000t\000h\000\340\000n\000h\000\040\000c\000\364\000n\000g}{section.4.10}% 92
\BOOKMARK [2][-]{subsection.4.10.2}{\376\377\000T\000C\000-\000M\000E\000M\000B\000E\000R\000-\0000\0002\000:\000\040\000M\000\343\000\040\000m\036\335\000i\000\040\000k\000h\000\364\000n\000g\000\040\000h\036\343\000p\000\040\000l\036\307}{section.4.10}% 93
\BOOKMARK [2][-]{subsection.4.10.3}{\376\377\000T\000C\000-\000M\000E\000M\000B\000E\000R\000-\0000\0003\000:\000\040\000T\000r\001\260\036\337\000n\000g\000\040\001\021\036\331\000i\000\040\000p\000h\000\352\000\040\000d\000u\000y\036\307\000t\000\040\000t\000h\000\340\000n\000h\000\040\000v\000i\000\352\000n}{section.4.10}% 94
\BOOKMARK [2][-]{subsection.4.10.4}{\376\377\000T\000C\000-\000M\000E\000M\000B\000E\000R\000-\0000\0004\000:\000\040\000L\000o\036\241\000i\000\040\000t\000h\000\340\000n\000h\000\040\000v\000i\000\352\000n\000\040\000k\000h\036\317\000i\000\040\001\021\036\331\000i}{section.4.10}% 95
\BOOKMARK [1][-]{section.4.11}{\376\377\000K\000i\036\303\000m\000\040\000t\000h\036\355\000\040\000c\000h\036\351\000c\000\040\000n\001\003\000n\000g\000\040\000r\036\335\000i\000\040\001\021\036\331\000i\000\040\000v\000\340\000\040\000g\000i\036\243\000i\000\040\000t\000\341\000n\000\040\001\021\036\331\000i}{chapter.4}% 96
\BOOKMARK [2][-]{subsection.4.11.1}{\376\377\000T\000C\000-\000T\000E\000A\000M\000-\0000\0004\000:\000\040\000T\000h\000\340\000n\000h\000\040\000v\000i\000\352\000n\000\040\000r\036\335\000i\000\040\001\021\036\331\000i}{section.4.11}% 97
\BOOKMARK [2][-]{subsection.4.11.2}{\376\377\000T\000C\000-\000T\000E\000A\000M\000-\0000\0005\000:\000\040\000T\000r\001\260\036\337\000n\000g\000\040\001\021\036\331\000i\000\040\000g\000i\036\243\000i\000\040\000t\000\341\000n\000\040\001\021\036\331\000i}{section.4.11}% 98
\BOOKMARK [1][-]{section.4.12}{\376\377\000K\000i\036\303\000m\000\040\000t\000h\036\355\000\040\000c\000h\036\351\000c\000\040\000n\001\003\000n\000g\000\040\000n\036\331\000p\000\040\000b\000\340\000i\000\040\000d\036\361\000\040\000t\000h\000i}{chapter.4}% 99
\BOOKMARK [2][-]{subsection.4.12.1}{\376\377\000T\000C\000-\000S\000U\000B\000M\000I\000T\000-\0000\0001\000:\000\040\000N\036\331\000p\000\040\000b\000\340\000i\000\040\000t\000h\000\340\000n\000h\000\040\000c\000\364\000n\000g}{section.4.12}% 100
\BOOKMARK [2][-]{subsection.4.12.2}{\376\377\000T\000C\000-\000S\000U\000B\000M\000I\000T\000-\0000\0002\000:\000\040\000C\036\255\000p\000\040\000n\000h\036\255\000t\000\040\000l\036\241\000i\000\040\001\021\001\260\036\335\000n\000g\000\040\000d\036\253\000n\000\040\000G\000i\000t\000H\000u\000b}{section.4.12}% 101
\BOOKMARK [2][-]{subsection.4.12.3}{\376\377\001\020\000\341\000n\000h\000\040\000g\000i\000\341\000\040\000c\000h\036\351\000c\000\040\000n\001\003\000n\000g}{section.4.12}% 102
\BOOKMARK [1][-]{section.4.13}{\376\377\000T\036\325\000n\000g\000\040\000h\036\343\000p\000\040\000k\036\277\000t\000\040\000q\000u\036\243\000\040\000k\000i\036\303\000m\000\040\000t\000h\036\355}{chapter.4}% 103
\BOOKMARK [1][-]{section.4.14}{\376\377\000C\000\341\000c\000\040\000l\036\327\000i\000\040\000p\000h\000\341\000t\000\040\000h\000i\036\307\000n\000\040\000t\000r\000o\000n\000g\000\040\000q\000u\000\341\000\040\000t\000r\000\354\000n\000h\000\040\000p\000h\000\341\000t\000\040\000t\000r\000i\036\303\000n}{chapter.4}% 104
\BOOKMARK [1][-]{section.4.15}{\376\377\001\020\000\341\000n\000h\000\040\000g\000i\000\341\000\040\000c\000h\001\260\001\241\000n\000g}{chapter.4}% 105
\BOOKMARK [0][-]{chapter.5}{\376\377\000U\000S\000E\000R\000\040\000G\000U\000I\000D\000E}{}% 106
\BOOKMARK [1][-]{section.5.1}{\376\377\000G\000i\036\333\000i\000\040\000t\000h\000i\036\307\000u\000\040\000c\000h\001\260\001\241\000n\000g}{chapter.5}% 107
\BOOKMARK [1][-]{section.5.2}{\376\377\001\020\036\321\000i\000\040\000t\001\260\036\343\000n\000g\000\040\000s\036\355\000\040\000d\036\345\000n\000g\000\040\000h\036\307\000\040\000t\000h\036\321\000n\000g}{chapter.5}% 108
\BOOKMARK [2][-]{subsection.5.2.1}{\376\377\000T\000h\000\355\000\040\000s\000i\000n\000h\000\040\000\050\000C\000a\000n\000d\000i\000d\000a\000t\000e\000\051}{section.5.2}% 109
\BOOKMARK [2][-]{subsection.5.2.2}{\376\377\000G\000i\000\341\000m\000\040\000k\000h\036\243\000o\000\040\000\050\000J\000u\000d\000g\000e\000\051}{section.5.2}% 110
\BOOKMARK [2][-]{subsection.5.2.3}{\376\377\000Q\000u\036\243\000n\000\040\000t\000r\036\313\000\040\000v\000i\000\352\000n\000\040\000\050\000A\000d\000m\000i\000n\000i\000s\000t\000r\000a\000t\000o\000r\000\051}{section.5.2}% 111
\BOOKMARK [1][-]{section.5.3}{\376\377\001\020\000i\036\301\000u\000\040\000k\000i\036\307\000n\000\040\000s\036\355\000\040\000d\036\345\000n\000g\000\040\000h\036\307\000\040\000t\000h\036\321\000n\000g}{chapter.5}% 112
\BOOKMARK [2][-]{subsection.5.3.1}{\376\377\000Y\000\352\000u\000\040\000c\036\247\000u\000\040\000v\036\301\000\040\000t\000r\000\354\000n\000h\000\040\000d\000u\000y\036\307\000t}{section.5.3}% 113
\BOOKMARK [2][-]{subsection.5.3.2}{\376\377\000Y\000\352\000u\000\040\000c\036\247\000u\000\040\000v\036\301\000\040\000k\036\277\000t\000\040\000n\036\321\000i\000\040\000m\036\241\000n\000g}{section.5.3}% 114
\BOOKMARK [2][-]{subsection.5.3.3}{\376\377\000Y\000\352\000u\000\040\000c\036\247\000u\000\040\000v\036\301\000\040\000t\000\340\000i\000\040\000k\000h\000o\036\243\000n}{section.5.3}% 115
\BOOKMARK [1][-]{section.5.4}{\376\377\000H\001\260\036\333\000n\000g\000\040\000d\036\253\000n\000\040\001\021\001\003\000n\000g\000\040\000k\000\375\000\040\000t\000\340\000i\000\040\000k\000h\000o\036\243\000n}{chapter.5}% 116
\BOOKMARK [2][-]{subsection.5.4.1}{\376\377\000M\000\364\000\040\000t\036\243\000\040\000c\000h\036\351\000c\000\040\000n\001\003\000n\000g}{section.5.4}% 117
\BOOKMARK [2][-]{subsection.5.4.2}{\376\377\001\020\000i\036\301\000u\000\040\000k\000i\036\307\000n\000\040\000t\000h\036\361\000c\000\040\000h\000i\036\307\000n}{section.5.4}% 118
\BOOKMARK [2][-]{subsection.5.4.3}{\376\377\000C\000\341\000c\000\040\000b\001\260\036\333\000c\000\040\000t\000h\036\361\000c\000\040\000h\000i\036\307\000n}{section.5.4}% 119
\BOOKMARK [2][-]{subsection.5.4.4}{\376\377\000K\036\277\000t\000\040\000q\000u\036\243\000\040\000s\000a\000u\000\040\000k\000h\000i\000\040\000t\000h\036\361\000c\000\040\000h\000i\036\307\000n}{section.5.4}% 120
\BOOKMARK [1][-]{section.5.5}{\376\377\000H\001\260\036\333\000n\000g\000\040\000d\036\253\000n\000\040\001\021\001\003\000n\000g\000\040\000n\000h\036\255\000p}{chapter.5}% 121
\BOOKMARK [2][-]{subsection.5.5.1}{\376\377\000M\000\364\000\040\000t\036\243\000\040\000c\000h\036\351\000c\000\040\000n\001\003\000n\000g}{section.5.5}% 122
\BOOKMARK [2][-]{subsection.5.5.2}{\376\377\001\020\000i\036\301\000u\000\040\000k\000i\036\307\000n\000\040\000t\000h\036\361\000c\000\040\000h\000i\036\307\000n}{section.5.5}% 123
\BOOKMARK [2][-]{subsection.5.5.3}{\376\377\000C\000\341\000c\000\040\000b\001\260\036\333\000c\000\040\000t\000h\036\361\000c\000\040\000h\000i\036\307\000n}{section.5.5}% 124
\BOOKMARK [2][-]{subsection.5.5.4}{\376\377\000K\036\277\000t\000\040\000q\000u\036\243\000\040\000s\000a\000u\000\040\000k\000h\000i\000\040\000t\000h\036\361\000c\000\040\000h\000i\036\307\000n}{section.5.5}% 125
\BOOKMARK [1][-]{section.5.6}{\376\377\000H\001\260\036\333\000n\000g\000\040\000d\036\253\000n\000\040\000q\000u\036\243\000n\000\040\000l\000\375\000\040\001\021\036\331\000i\000\040\000n\000h\000\363\000m}{chapter.5}% 126
\BOOKMARK [2][-]{subsection.5.6.1}{\376\377\000T\036\241\000o\000\040\001\021\036\331\000i\000\040\000m\036\333\000i}{section.5.6}% 127
\BOOKMARK [2][-]{subsection.5.6.2}{\376\377\000T\000h\000a\000m\000\040\000g\000i\000a\000\040\001\021\036\331\000i\000\040\000t\000h\000\364\000n\000g\000\040\000q\000u\000a\000\040\000m\000\343\000\040\000m\036\335\000i}{section.5.6}% 128
\BOOKMARK [2][-]{subsection.5.6.3}{\376\377\000P\000h\000\352\000\040\000d\000u\000y\036\307\000t\000\040\000t\000h\000\340\000n\000h\000\040\000v\000i\000\352\000n}{section.5.6}% 129
\BOOKMARK [2][-]{subsection.5.6.4}{\376\377\000X\000\363\000a\000\040\000t\000h\000\340\000n\000h\000\040\000v\000i\000\352\000n\000\040\000k\000h\036\317\000i\000\040\001\021\036\331\000i}{section.5.6}% 130
\BOOKMARK [2][-]{subsection.5.6.5}{\376\377\000X\000e\000m\000\040\000t\000h\000\364\000n\000g\000\040\000t\000i\000n\000\040\001\021\036\331\000i}{section.5.6}% 131
\BOOKMARK [2][-]{subsection.5.6.6}{\376\377\000R\036\335\000i\000\040\001\021\036\331\000i}{section.5.6}% 132
\BOOKMARK [2][-]{subsection.5.6.7}{\376\377\000G\000i\036\243\000i\000\040\000t\000\341\000n\000\040\001\021\036\331\000i}{section.5.6}% 133
\BOOKMARK [1][-]{section.5.7}{\376\377\000H\001\260\036\333\000n\000g\000\040\000d\036\253\000n\000\040\000n\036\331\000p\000\040\000b\000\340\000i\000\040\000d\036\361\000\040\000t\000h\000i}{chapter.5}% 134
\BOOKMARK [2][-]{subsection.5.7.1}{\376\377\000M\000\364\000\040\000t\036\243\000\040\000c\000h\036\351\000c\000\040\000n\001\003\000n\000g}{section.5.7}% 135
\BOOKMARK [2][-]{subsection.5.7.2}{\376\377\001\020\000i\036\301\000u\000\040\000k\000i\036\307\000n\000\040\000t\000h\036\361\000c\000\040\000h\000i\036\307\000n}{section.5.7}% 136
\BOOKMARK [2][-]{subsection.5.7.3}{\376\377\000C\000\341\000c\000\040\000b\001\260\036\333\000c\000\040\000t\000h\036\361\000c\000\040\000h\000i\036\307\000n}{section.5.7}% 137
\BOOKMARK [2][-]{subsection.5.7.4}{\376\377\000K\036\277\000t\000\040\000q\000u\036\243\000\040\000s\000a\000u\000\040\000k\000h\000i\000\040\000t\000h\036\361\000c\000\040\000h\000i\036\307\000n}{section.5.7}% 138
\BOOKMARK [1][-]{section.5.8}{\376\377\000H\001\260\036\333\000n\000g\000\040\000d\036\253\000n\000\040\000c\036\255\000p\000\040\000n\000h\036\255\000t\000\040\000h\036\323\000\040\000s\001\241\000\040\000c\000\341\000\040\000n\000h\000\342\000n}{chapter.5}% 139
\BOOKMARK [2][-]{subsection.5.8.1}{\376\377\000M\000\364\000\040\000t\036\243\000\040\000c\000h\036\351\000c\000\040\000n\001\003\000n\000g}{section.5.8}% 140
\BOOKMARK [2][-]{subsection.5.8.2}{\376\377\001\020\000i\036\301\000u\000\040\000k\000i\036\307\000n\000\040\000t\000h\036\361\000c\000\040\000h\000i\036\307\000n}{section.5.8}% 141
\BOOKMARK [2][-]{subsection.5.8.3}{\376\377\000C\000\341\000c\000\040\000b\001\260\036\333\000c\000\040\000t\000h\036\361\000c\000\040\000h\000i\036\307\000n}{section.5.8}% 142
\BOOKMARK [2][-]{subsection.5.8.4}{\376\377\000K\036\277\000t\000\040\000q\000u\036\243\000\040\000s\000a\000u\000\040\000k\000h\000i\000\040\000t\000h\036\361\000c\000\040\000h\000i\036\307\000n}{section.5.8}% 143
\BOOKMARK [1][-]{section.5.9}{\376\377\000H\001\260\036\333\000n\000g\000\040\000d\036\253\000n\000\040\001\021\001\003\000n\000g\000\040\000x\000u\036\245\000t}{chapter.5}% 144
\BOOKMARK [2][-]{subsection.5.9.1}{\376\377\000M\000\364\000\040\000t\036\243\000\040\000c\000h\036\351\000c\000\040\000n\001\003\000n\000g}{section.5.9}% 145
\BOOKMARK [2][-]{subsection.5.9.2}{\376\377\001\020\000i\036\301\000u\000\040\000k\000i\036\307\000n\000\040\000t\000h\036\361\000c\000\040\000h\000i\036\307\000n}{section.5.9}% 146
\BOOKMARK [2][-]{subsection.5.9.3}{\376\377\000C\000\341\000c\000\040\000b\001\260\036\333\000c\000\040\000t\000h\036\361\000c\000\040\000h\000i\036\307\000n}{section.5.9}% 147
\BOOKMARK [2][-]{subsection.5.9.4}{\376\377\000K\036\277\000t\000\040\000q\000u\036\243\000\040\000s\000a\000u\000\040\000k\000h\000i\000\040\000t\000h\036\361\000c\000\040\000h\000i\036\307\000n}{section.5.9}% 148
\BOOKMARK [1][-]{section.5.10}{\376\377\000C\000\341\000c\000\040\000l\036\327\000i\000\040\000t\000h\001\260\036\335\000n\000g\000\040\000g\036\267\000p\000\040\000v\000\340\000\040\000c\000\341\000c\000h\000\040\000x\036\355\000\040\000l\000\375}{chapter.5}% 149
\BOOKMARK [2][-]{subsection.5.10.1}{\376\377\000L\036\327\000i\000\040\001\021\001\003\000n\000g\000\040\000n\000h\036\255\000p\000\040\000t\000h\036\245\000t\000\040\000b\036\241\000i}{section.5.10}% 150
\BOOKMARK [2][-]{subsection.5.10.2}{\376\377\000L\036\327\000i\000\040\001\021\001\003\000n\000g\000\040\000k\000\375\000\040\000t\000\340\000i\000\040\000k\000h\000o\036\243\000n}{section.5.10}% 151
\BOOKMARK [2][-]{subsection.5.10.3}{\376\377\000L\036\327\000i\000\040\000t\036\241\000o\000\040\001\021\036\331\000i\000\040\000t\000h\036\245\000t\000\040\000b\036\241\000i}{section.5.10}% 152
\BOOKMARK [2][-]{subsection.5.10.4}{\376\377\000L\036\327\000i\000\040\000t\000h\000a\000m\000\040\000g\000i\000a\000\040\001\021\036\331\000i\000\040\000t\000h\036\245\000t\000\040\000b\036\241\000i}{section.5.10}% 153
\BOOKMARK [2][-]{subsection.5.10.5}{\376\377\000L\036\327\000i\000\040\000n\036\331\000p\000\040\000b\000\340\000i\000\040\000t\000h\036\245\000t\000\040\000b\036\241\000i}{section.5.10}% 154
\BOOKMARK [2][-]{subsection.5.10.6}{\376\377\000L\036\327\000i\000\040\000k\036\277\000t\000\040\000n\036\321\000i\000\040\000m\036\241\000n\000g}{section.5.10}% 155
\BOOKMARK [2][-]{subsection.5.10.7}{\376\377\000L\036\327\000i\000\040\000t\000o\000k\000e\000n\000\040\000h\036\277\000t\000\040\000h\036\241\000n}{section.5.10}% 156
\BOOKMARK [1][-]{section.5.11}{\376\377\001\020\000\341\000n\000h\000\040\000g\000i\000\341\000\040\000c\000h\001\260\001\241\000n\000g}{chapter.5}% 157
\BOOKMARK [0][-]{chapter.6}{\376\377\000C\000O\000N\000C\000L\000U\000S\000I\000O\000N\000\040\000\046\000\040\000F\000U\000T\000U\000R\000E\000\040\000D\000E\000V\000E\000L\000O\000P\000M\000E\000N\000T}{}% 158
\BOOKMARK [1][-]{section.6.1}{\376\377\000G\000i\036\333\000i\000\040\000t\000h\000i\036\307\000u\000\040\000c\000h\001\260\001\241\000n\000g}{chapter.6}% 159
\BOOKMARK [1][-]{section.6.2}{\376\377\000T\036\325\000n\000g\000\040\000k\036\277\000t\000\040\000c\000\364\000n\000g\000\040\000v\000i\036\307\000c\000\040\001\021\000\343\000\040\000h\000o\000\340\000n\000\040\000t\000h\000\340\000n\000h}{chapter.6}% 160
\BOOKMARK [2][-]{subsection.6.2.1}{\376\377\000C\000\341\000c\000\040\000m\036\345\000c\000\040\000t\000i\000\352\000u\000\040\001\021\000\343\000\040\001\021\036\241\000t\000\040\001\021\001\260\036\343\000c}{section.6.2}% 161
\BOOKMARK [2][-]{subsection.6.2.2}{\376\377\000C\000\341\000c\000\040\000c\000h\036\351\000c\000\040\000n\001\003\000n\000g\000\040\001\021\000\343\000\040\000h\000i\036\307\000n\000\040\000t\000h\036\361\000c\000\040\000h\000\363\000a}{section.6.2}% 162
\BOOKMARK [1][-]{section.6.3}{\376\377\001\020\000\341\000n\000h\000\040\000g\000i\000\341\000\040\000m\036\351\000c\000\040\001\021\036\331\000\040\001\021\000\341\000p\000\040\036\351\000n\000g\000\040\000y\000\352\000u\000\040\000c\036\247\000u}{chapter.6}% 163
\BOOKMARK [2][-]{subsection.6.3.1}{\376\377\001\020\000\341\000n\000h\000\040\000g\000i\000\341\000\040\000y\000\352\000u\000\040\000c\036\247\000u\000\040\000c\000h\036\351\000c\000\040\000n\001\003\000n\000g}{section.6.3}% 164
\BOOKMARK [2][-]{subsection.6.3.2}{\376\377\001\020\000\341\000n\000h\000\040\000g\000i\000\341\000\040\000y\000\352\000u\000\040\000c\036\247\000u\000\040\000p\000h\000i\000\040\000c\000h\036\351\000c\000\040\000n\001\003\000n\000g}{section.6.3}% 165
\BOOKMARK [1][-]{section.6.4}{\376\377\000N\000h\036\357\000n\000g\000\040\000h\036\241\000n\000\040\000c\000h\036\277\000\040\000v\000\340\000\040\000k\000h\000\363\000\040\000k\000h\001\003\000n\000\040\000g\036\267\000p\000\040\000p\000h\036\243\000i}{chapter.6}% 166
\BOOKMARK [2][-]{subsection.6.4.1}{\376\377\000H\036\241\000n\000\040\000c\000h\036\277\000\040\000v\036\301\000\040\000p\000h\036\241\000m\000\040\000v\000i\000\040\000c\000h\036\351\000c\000\040\000n\001\003\000n\000g}{section.6.4}% 167
\BOOKMARK [2][-]{subsection.6.4.2}{\376\377\000H\036\241\000n\000\040\000c\000h\036\277\000\040\000v\036\301\000\040\000k\036\371\000\040\000t\000h\000u\036\255\000t}{section.6.4}% 168
\BOOKMARK [2][-]{subsection.6.4.3}{\376\377\000K\000h\000\363\000\040\000k\000h\001\003\000n\000\040\000t\000r\000o\000n\000g\000\040\000q\000u\000\341\000\040\000t\000r\000\354\000n\000h\000\040\000p\000h\000\341\000t\000\040\000t\000r\000i\036\303\000n}{section.6.4}% 169
\BOOKMARK [1][-]{section.6.5}{\376\377\000H\001\260\036\333\000n\000g\000\040\000p\000h\000\341\000t\000\040\000t\000r\000i\036\303\000n\000\040\000t\000r\000o\000n\000g\000\040\000t\001\260\001\241\000n\000g\000\040\000l\000a\000i}{chapter.6}% 170
\BOOKMARK [2][-]{subsection.6.5.1}{\376\377\000M\036\337\000\040\000r\036\331\000n\000g\000\040\000c\000h\036\351\000c\000\040\000n\001\003\000n\000g\000\040\000q\000u\036\243\000n\000\040\000l\000\375\000\040\000c\000u\036\331\000c\000\040\000t\000h\000i}{section.6.5}% 171
\BOOKMARK [2][-]{subsection.6.5.2}{\376\377\000C\036\243\000i\000\040\000t\000h\000i\036\307\000n\000\040\000k\036\371\000\040\000t\000h\000u\036\255\000t\000\040\000v\000\340\000\040\000k\000i\036\277\000n\000\040\000t\000r\000\372\000c}{section.6.5}% 172
\BOOKMARK [2][-]{subsection.6.5.3}{\376\377\000N\000\342\000n\000g\000\040\000c\000a\000o\000\040\000t\000\355\000n\000h\000\040\000b\036\243\000o\000\040\000m\036\255\000t}{section.6.5}% 173
\BOOKMARK [2][-]{subsection.6.5.4}{\376\377\000C\036\243\000i\000\040\000t\000h\000i\036\307\000n\000\040\000t\000r\036\243\000i\000\040\000n\000g\000h\000i\036\307\000m\000\040\000n\000g\001\260\036\335\000i\000\040\000d\000\371\000n\000g}{section.6.5}% 174
\BOOKMARK [1][-]{section.6.6}{\376\377\000B\000\340\000i\000\040\000h\036\315\000c\000\040\000k\000i\000n\000h\000\040\000n\000g\000h\000i\036\307\000m}{chapter.6}% 175
\BOOKMARK [1][-]{section.6.7}{\376\377\000K\036\277\000t\000\040\000l\000u\036\255\000n}{chapter.6}% 176
